100.05.27 09:16 B C:\My Documents\My Webs\TaoDesigns\hominids\alexander.JPG <-- taodesigns /hominids alexander.JPG
100.05.27 09:17 B C:\My Documents\My Webs\TaoDesigns\hominids\babboons.JPG <-- taodesigns /hominids babboons.JPG
100.05.27 09:17 B C:\My Documents\My Webs\TaoDesigns\hominids\homicoda.html <-- taodesigns /hominids homicoda.html
100.05.27 09:17 B C:\My Documents\My Webs\TaoDesigns\hominids\homicont.html <-- taodesigns /hominids homicont.html
100.05.27 09:17 B C:\My Documents\My Webs\TaoDesigns\hominids\hominav.html <-- taodesigns /hominids hominav.html
100.05.27 09:17 B C:\My Documents\My Webs\TaoDesigns\hominids\hominids.html <-- taodesigns /hominids hominids.html
100.05.27 09:17 B C:\My Documents\My Webs\TaoDesigns\hominids\homititle.html <-- taodesigns /hominids homititle.html
100.11.19 12:36 B C:\My Documents\My Webs\tao_designs\hominids\alexander.JPG <-- taodesigns /hominids alexander.JPG
100.11.19 12:36 B C:\My Documents\My Webs\tao_designs\hominids\babboons.JPG <-- taodesigns /hominids babboons.JPG
100.11.19 12:36 B C:\My Documents\My Webs\tao_designs\hominids\homicont.html <-- taodesigns /hominids homicont.html
100.11.19 12:36 B C:\My Documents\My Webs\tao_designs\hominids\homicoda.html <-- taodesigns /hominids homicoda.html
100.11.19 12:36 B C:\My Documents\My Webs\tao_designs\hominids\hominav.html <-- taodesigns /hominids hominav.html
100.11.19 12:36 B C:\My Documents\My Webs\tao_designs\hominids\hominids.html <-- taodesigns /hominids hominids.html
100.11.19 12:36 B C:\My Documents\My Webs\tao_designs\hominids\homititle.html <-- taodesigns /hominids homititle.html
100.11.19 12:52 B C:\My Documents\My Webs\tao_designs\hominids\alexander.JPG --> ftp.tripod.com /hominids alexander.JPG
100.11.19 12:52 B C:\My Documents\My Webs\tao_designs\hominids\babboons.JPG --> ftp.tripod.com /hominids babboons.JPG
100.11.19 12:52 B C:\My Documents\My Webs\tao_designs\hominids\homicoda.html --> ftp.tripod.com /hominids homicoda.html
100.11.19 12:52 B C:\My Documents\My Webs\tao_designs\hominids\homicont.html --> ftp.tripod.com /hominids homicont.html
100.11.19 12:52 B C:\My Documents\My Webs\tao_designs\hominids\hominav.html --> ftp.tripod.com /hominids hominav.html
100.11.19 12:52 B C:\My Documents\My Webs\tao_designs\hominids\hominids.html --> ftp.tripod.com /hominids hominids.html
100.11.19 12:52 B C:\My Documents\My Webs\tao_designs\hominids\homititle.html --> ftp.tripod.com /hominids homititle.html
100.11.19 12:52 B C:\My Documents\My Webs\tao_designs\hominids\WS_FTP.LOG --> ftp.tripod.com /hominids WS_FTP.LOG
101.10.06 13:08 B C:\My Documents\My Webs\tao_designs\hominids\hominids.html --> ftp.tripod.com /hominids hominids.html
