100.05.27 09:19 B C:\My Documents\My Webs\TaoDesigns\weber\wbr27i.JPG <-- taodesigns /weber wbr27i.JPG
100.05.27 09:19 B C:\My Documents\My Webs\TaoDesigns\weber\wbr27ix.htm <-- taodesigns /weber wbr27ix.htm
100.05.27 09:19 B C:\My Documents\My Webs\TaoDesigns\weber\wbr27x.htm <-- taodesigns /weber wbr27x.htm
100.05.27 09:19 B C:\My Documents\My Webs\TaoDesigns\weber\wbr27xi.htm <-- taodesigns /weber wbr27xi.htm
100.05.27 09:19 B C:\My Documents\My Webs\TaoDesigns\weber\weber.jpg <-- taodesigns /weber weber.jpg
100.05.27 09:19 B C:\My Documents\My Webs\TaoDesigns\weber\weber27.html <-- taodesigns /weber weber27.html
100.05.27 09:19 B C:\My Documents\My Webs\TaoDesigns\weber\weber27i.html <-- taodesigns /weber weber27i.html
100.05.27 09:19 B C:\My Documents\My Webs\TaoDesigns\weber\weber27ii.html <-- taodesigns /weber weber27ii.html
100.05.27 09:19 B C:\My Documents\My Webs\TaoDesigns\weber\weber27iii.html <-- taodesigns /weber weber27iii.html
100.05.27 09:19 B C:\My Documents\My Webs\TaoDesigns\weber\weber27iv.html <-- taodesigns /weber weber27iv.html
100.05.27 09:19 B C:\My Documents\My Webs\TaoDesigns\weber\weber27vi.html <-- taodesigns /weber weber27vi.html
100.05.27 09:19 B C:\My Documents\My Webs\TaoDesigns\weber\weber27XXII.html <-- taodesigns /weber weber27XXII.html
100.05.27 09:19 B C:\My Documents\My Webs\TaoDesigns\weber\weber27XXIX.html <-- taodesigns /weber weber27XXIX.html
100.05.27 09:19 B C:\My Documents\My Webs\TaoDesigns\weber\weber27XXX.html <-- taodesigns /weber weber27XXX.html
100.05.27 09:19 B C:\My Documents\My Webs\TaoDesigns\weber\weber47.html <-- taodesigns /weber weber47.html
100.11.19 12:31 B C:\My Documents\My Webs\tao_designs\weber\wbr27i.JPG <-- taodesigns /weber wbr27i.JPG
100.11.19 12:31 B C:\My Documents\My Webs\tao_designs\weber\weber27ii.html <-- taodesigns /weber weber27ii.html
100.11.19 12:31 B C:\My Documents\My Webs\tao_designs\weber\weber47.html <-- taodesigns /weber weber47.html
100.11.19 12:31 B C:\My Documents\My Webs\tao_designs\weber\weber27i.html <-- taodesigns /weber weber27i.html
100.11.19 12:31 B C:\My Documents\My Webs\tao_designs\weber\weber27XXX.html <-- taodesigns /weber weber27XXX.html
100.11.19 12:31 B C:\My Documents\My Webs\tao_designs\weber\weber27XXIX.html <-- taodesigns /weber weber27XXIX.html
100.11.19 12:31 B C:\My Documents\My Webs\tao_designs\weber\weber27iii.html <-- taodesigns /weber weber27iii.html
100.11.19 12:31 B C:\My Documents\My Webs\tao_designs\weber\weber27iv.html <-- taodesigns /weber weber27iv.html
100.11.19 12:31 B C:\My Documents\My Webs\tao_designs\weber\wbr27xi.htm <-- taodesigns /weber wbr27xi.htm
100.11.19 12:31 B C:\My Documents\My Webs\tao_designs\weber\wbr27x.htm <-- taodesigns /weber wbr27x.htm
100.11.19 12:31 B C:\My Documents\My Webs\tao_designs\weber\wbr27ix.htm <-- taodesigns /weber wbr27ix.htm
100.11.19 12:31 B C:\My Documents\My Webs\tao_designs\weber\weber27vi.html <-- taodesigns /weber weber27vi.html
100.11.19 12:31 B C:\My Documents\My Webs\tao_designs\weber\weber27XXII.html <-- taodesigns /weber weber27XXII.html
100.11.19 12:31 B C:\My Documents\My Webs\tao_designs\weber\weber.jpg <-- taodesigns /weber weber.jpg
100.11.19 12:31 B C:\My Documents\My Webs\tao_designs\weber\weber27.html <-- taodesigns /weber weber27.html
100.11.19 13:02 B C:\My Documents\My Webs\tao_designs\weber\wbr27i.JPG --> ftp.tripod.com /weber wbr27i.JPG
100.11.19 13:02 B C:\My Documents\My Webs\tao_designs\weber\wbr27ix.htm --> ftp.tripod.com /weber wbr27ix.htm
100.11.19 13:02 B C:\My Documents\My Webs\tao_designs\weber\wbr27x.htm --> ftp.tripod.com /weber wbr27x.htm
100.11.19 13:02 B C:\My Documents\My Webs\tao_designs\weber\wbr27xi.htm --> ftp.tripod.com /weber wbr27xi.htm
100.11.19 13:02 B C:\My Documents\My Webs\tao_designs\weber\weber.jpg --> ftp.tripod.com /weber weber.jpg
100.11.19 13:02 B C:\My Documents\My Webs\tao_designs\weber\weber27.html --> ftp.tripod.com /weber weber27.html
100.11.19 13:02 B C:\My Documents\My Webs\tao_designs\weber\weber27i.html --> ftp.tripod.com /weber weber27i.html
100.11.19 13:02 B C:\My Documents\My Webs\tao_designs\weber\weber27ii.html --> ftp.tripod.com /weber weber27ii.html
100.11.19 13:02 B C:\My Documents\My Webs\tao_designs\weber\weber27iii.html --> ftp.tripod.com /weber weber27iii.html
100.11.19 13:02 B C:\My Documents\My Webs\tao_designs\weber\weber27iv.html --> ftp.tripod.com /weber weber27iv.html
100.11.19 13:02 B C:\My Documents\My Webs\tao_designs\weber\weber27vi.html --> ftp.tripod.com /weber weber27vi.html
100.11.19 13:02 B C:\My Documents\My Webs\tao_designs\weber\weber27XXII.html --> ftp.tripod.com /weber weber27XXII.html
100.11.19 13:02 B C:\My Documents\My Webs\tao_designs\weber\weber27XXIX.html --> ftp.tripod.com /weber weber27XXIX.html
100.11.19 13:02 B C:\My Documents\My Webs\tao_designs\weber\weber27XXX.html --> ftp.tripod.com /weber weber27XXX.html
100.11.19 13:03 B C:\My Documents\My Webs\tao_designs\weber\weber47.html --> ftp.tripod.com /weber weber47.html
100.11.19 13:03 B C:\My Documents\My Webs\tao_designs\weber\WS_FTP.LOG --> ftp.tripod.com /weber WS_FTP.LOG
