100.05.27 08:59 B C:\My Documents\My Webs\TaoDesigns\diatribe\mailbox.gif <-- Museum /james_e_martin/diatribe mailbox.gif
100.05.27 08:59 B C:\My Documents\My Webs\TaoDesigns\diatribe\taocont.html <-- Museum /james_e_martin/diatribe taocont.html
100.05.27 08:59 B C:\My Documents\My Webs\TaoDesigns\diatribe\taonav.html <-- Museum /james_e_martin/diatribe taonav.html
100.05.27 08:59 B C:\My Documents\My Webs\TaoDesigns\diatribe\taotitle.html <-- Museum /james_e_martin/diatribe taotitle.html
100.05.27 09:14 B C:\My Documents\My Webs\TaoDesigns\diatribe\berndt02.htm <-- taodesigns /diatribe berndt02.htm
100.05.27 09:14 B C:\My Documents\My Webs\TaoDesigns\diatribe\berndt04.htm <-- taodesigns /diatribe berndt04.htm
100.05.27 09:14 B C:\My Documents\My Webs\TaoDesigns\diatribe\buddha.jpg <-- taodesigns /diatribe buddha.jpg
100.05.27 09:14 B C:\My Documents\My Webs\TaoDesigns\diatribe\bully.html <-- taodesigns /diatribe bully.html
100.05.27 09:14 B C:\My Documents\My Webs\TaoDesigns\diatribe\cloisters.html <-- taodesigns /diatribe cloisters.html
100.05.27 09:14 B C:\My Documents\My Webs\TaoDesigns\diatribe\cooperatives.html <-- taodesigns /diatribe cooperatives.html
100.05.27 09:14 B C:\My Documents\My Webs\TaoDesigns\diatribe\cycle.html <-- taodesigns /diatribe cycle.html
100.05.27 09:14 B C:\My Documents\My Webs\TaoDesigns\diatribe\dalailama.jpg <-- taodesigns /diatribe dalailama.jpg
100.05.27 09:14 B C:\My Documents\My Webs\TaoDesigns\diatribe\deb1.gif <-- taodesigns /diatribe deb1.gif
100.05.27 09:14 B C:\My Documents\My Webs\TaoDesigns\diatribe\deb2.gif <-- taodesigns /diatribe deb2.gif
100.05.27 09:14 B C:\My Documents\My Webs\TaoDesigns\diatribe\deb3.gif <-- taodesigns /diatribe deb3.gif
100.05.27 09:15 B C:\My Documents\My Webs\TaoDesigns\diatribe\dickens.JPG <-- taodesigns /diatribe dickens.JPG
100.05.27 09:15 B C:\My Documents\My Webs\TaoDesigns\diatribe\division.html <-- taodesigns /diatribe division.html
100.05.27 09:15 B C:\My Documents\My Webs\TaoDesigns\diatribe\drawyergun.jpg <-- taodesigns /diatribe drawyergun.jpg
100.05.27 09:15 B C:\My Documents\My Webs\TaoDesigns\diatribe\earth.JPG <-- taodesigns /diatribe earth.JPG
100.05.27 09:15 B C:\My Documents\My Webs\TaoDesigns\diatribe\errolflynn.jpg <-- taodesigns /diatribe errolflynn.jpg
100.05.27 09:15 B C:\My Documents\My Webs\TaoDesigns\diatribe\flag.gif <-- taodesigns /diatribe flag.gif
100.05.27 09:15 B C:\My Documents\My Webs\TaoDesigns\diatribe\friedmanntxt.html <-- taodesigns /diatribe friedmanntxt.html
100.05.27 09:15 B C:\My Documents\My Webs\TaoDesigns\diatribe\gist.html <-- taodesigns /diatribe gist.html
100.05.27 09:15 B C:\My Documents\My Webs\TaoDesigns\diatribe\globe.gif <-- taodesigns /diatribe globe.gif
100.05.27 09:15 B C:\My Documents\My Webs\TaoDesigns\diatribe\homelesskids.gif <-- taodesigns /diatribe homelesskids.gif
100.05.27 09:15 B C:\My Documents\My Webs\TaoDesigns\diatribe\ihabit.html <-- taodesigns /diatribe ihabit.html
100.05.27 09:15 B C:\My Documents\My Webs\TaoDesigns\diatribe\index-2.html <-- taodesigns /diatribe index-2.html
100.05.27 09:15 B C:\My Documents\My Webs\TaoDesigns\diatribe\index.html <-- taodesigns /diatribe index.html
100.05.27 09:15 B C:\My Documents\My Webs\TaoDesigns\diatribe\input.html <-- taodesigns /diatribe input.html
100.05.27 09:15 B C:\My Documents\My Webs\TaoDesigns\diatribe\ipoloop.gif <-- taodesigns /diatribe ipoloop.gif
100.05.27 09:15 B C:\My Documents\My Webs\TaoDesigns\diatribe\jonesboro.jpg <-- taodesigns /diatribe jonesboro.jpg
100.05.27 09:15 B C:\My Documents\My Webs\TaoDesigns\diatribe\keynes.gif <-- taodesigns /diatribe keynes.gif
100.05.27 09:15 B C:\My Documents\My Webs\TaoDesigns\diatribe\kropotkin.html <-- taodesigns /diatribe kropotkin.html
100.05.27 09:15 B C:\My Documents\My Webs\TaoDesigns\diatribe\kropotkin2a.gif <-- taodesigns /diatribe kropotkin2a.gif
100.05.27 09:15 B C:\My Documents\My Webs\TaoDesigns\diatribe\mad12.html <-- taodesigns /diatribe mad12.html
100.05.27 09:15 B C:\My Documents\My Webs\TaoDesigns\diatribe\magic.html <-- taodesigns /diatribe magic.html
100.05.27 09:15 B C:\My Documents\My Webs\TaoDesigns\diatribe\mailbox.gif <-- taodesigns /diatribe mailbox.gif
100.05.27 09:15 B C:\My Documents\My Webs\TaoDesigns\diatribe\malthus.gif <-- taodesigns /diatribe malthus.gif
100.05.27 09:15 B C:\My Documents\My Webs\TaoDesigns\diatribe\marback.gif <-- taodesigns /diatribe marback.gif
100.05.27 09:15 B C:\My Documents\My Webs\TaoDesigns\diatribe\money.html <-- taodesigns /diatribe money.html
100.05.27 09:15 B C:\My Documents\My Webs\TaoDesigns\diatribe\moneyoop.JPG <-- taodesigns /diatribe moneyoop.JPG
100.05.27 09:15 B C:\My Documents\My Webs\TaoDesigns\diatribe\napolean.JPG <-- taodesigns /diatribe napolean.JPG
100.05.27 09:15 B C:\My Documents\My Webs\TaoDesigns\diatribe\nature.html <-- taodesigns /diatribe nature.html
100.05.27 09:15 B C:\My Documents\My Webs\TaoDesigns\diatribe\newcycles.html <-- taodesigns /diatribe newcycles.html
100.05.27 09:15 B C:\My Documents\My Webs\TaoDesigns\diatribe\newsplsh.gif <-- taodesigns /diatribe newsplsh.gif
100.05.27 09:15 B C:\My Documents\My Webs\TaoDesigns\diatribe\ngawang.html <-- taodesigns /diatribe ngawang.html
100.05.27 09:15 B C:\My Documents\My Webs\TaoDesigns\diatribe\officialdoms.html <-- taodesigns /diatribe officialdoms.html
100.05.27 09:15 B C:\My Documents\My Webs\TaoDesigns\diatribe\oldlady.JPG <-- taodesigns /diatribe oldlady.JPG
100.05.27 09:15 B C:\My Documents\My Webs\TaoDesigns\diatribe\person.html <-- taodesigns /diatribe person.html
100.05.27 09:15 B C:\My Documents\My Webs\TaoDesigns\diatribe\physics252.html <-- taodesigns /diatribe physics252.html
100.05.27 09:15 B C:\My Documents\My Webs\TaoDesigns\diatribe\pluto.html <-- taodesigns /diatribe pluto.html
100.05.27 09:15 B C:\My Documents\My Webs\TaoDesigns\diatribe\power.html <-- taodesigns /diatribe power.html
100.05.27 09:15 B C:\My Documents\My Webs\TaoDesigns\diatribe\powercont.html <-- taodesigns /diatribe powercont.html
100.05.27 09:15 B C:\My Documents\My Webs\TaoDesigns\diatribe\powernav.html <-- taodesigns /diatribe powernav.html
100.05.27 09:15 B C:\My Documents\My Webs\TaoDesigns\diatribe\pricing.html <-- taodesigns /diatribe pricing.html
100.05.27 09:15 B C:\My Documents\My Webs\TaoDesigns\diatribe\rbtowen.gif <-- taodesigns /diatribe rbtowen.gif
100.05.27 09:15 B C:\My Documents\My Webs\TaoDesigns\diatribe\scarcity.html <-- taodesigns /diatribe scarcity.html
100.05.27 09:15 B C:\My Documents\My Webs\TaoDesigns\diatribe\schrodinger.html <-- taodesigns /diatribe schrodinger.html
100.05.27 09:15 B C:\My Documents\My Webs\TaoDesigns\diatribe\schrodinger1.gif <-- taodesigns /diatribe schrodinger1.gif
100.05.27 09:15 B C:\My Documents\My Webs\TaoDesigns\diatribe\schrodinger1.mpg <-- taodesigns /diatribe schrodinger1.mpg
100.05.27 09:15 B C:\My Documents\My Webs\TaoDesigns\diatribe\schrodinger4.mpg <-- taodesigns /diatribe schrodinger4.mpg
100.05.27 09:15 B C:\My Documents\My Webs\TaoDesigns\diatribe\schrodinger49.gif <-- taodesigns /diatribe schrodinger49.gif
100.05.27 09:15 B C:\My Documents\My Webs\TaoDesigns\diatribe\schumpeter.html <-- taodesigns /diatribe schumpeter.html
100.05.27 09:15 B C:\My Documents\My Webs\TaoDesigns\diatribe\schumpeter.jpg <-- taodesigns /diatribe schumpeter.jpg
100.05.27 09:15 B C:\My Documents\My Webs\TaoDesigns\diatribe\self.html <-- taodesigns /diatribe self.html
100.05.27 09:15 B C:\My Documents\My Webs\TaoDesigns\diatribe\sex.html <-- taodesigns /diatribe sex.html
100.05.27 09:15 B C:\My Documents\My Webs\TaoDesigns\diatribe\surveymost.html <-- taodesigns /diatribe surveymost.html
100.05.27 09:15 B C:\My Documents\My Webs\TaoDesigns\diatribe\taocont.html <-- taodesigns /diatribe taocont.html
100.05.27 09:15 B C:\My Documents\My Webs\TaoDesigns\diatribe\taodesigns.html <-- taodesigns /diatribe taodesigns.html
100.05.27 09:15 B C:\My Documents\My Webs\TaoDesigns\diatribe\taodesigns83.html <-- taodesigns /diatribe taodesigns83.html
100.05.27 09:15 B C:\My Documents\My Webs\TaoDesigns\diatribe\taonav.html <-- taodesigns /diatribe taonav.html
100.05.27 09:15 B C:\My Documents\My Webs\TaoDesigns\diatribe\taotitle.html <-- taodesigns /diatribe taotitle.html
100.05.27 09:15 B C:\My Documents\My Webs\TaoDesigns\diatribe\threefaces.html <-- taodesigns /diatribe threefaces.html
100.05.27 09:15 B C:\My Documents\My Webs\TaoDesigns\diatribe\Tiffany_Rebecca_Tull.GIF <-- taodesigns /diatribe Tiffany_Rebecca_Tull.GIF
100.05.27 09:15 B C:\My Documents\My Webs\TaoDesigns\diatribe\undrconst.gif <-- taodesigns /diatribe undrconst.gif
100.05.27 09:15 B C:\My Documents\My Webs\TaoDesigns\diatribe\war.html <-- taodesigns /diatribe war.html
100.05.27 09:15 B C:\My Documents\My Webs\TaoDesigns\diatribe\wellshg.jpg <-- taodesigns /diatribe wellshg.jpg
100.05.27 09:15 B C:\My Documents\My Webs\TaoDesigns\diatribe\whitehead.gif <-- taodesigns /diatribe whitehead.gif
100.05.27 09:15 B C:\My Documents\My Webs\TaoDesigns\diatribe\whiteheadtxt.html <-- taodesigns /diatribe whiteheadtxt.html
100.05.27 09:15 B C:\My Documents\My Webs\TaoDesigns\diatribe\work.html <-- taodesigns /diatribe work.html
100.05.27 09:15 B C:\My Documents\My Webs\TaoDesigns\diatribe\yinyang.JPG <-- taodesigns /diatribe yinyang.JPG
100.11.19 12:29 B C:\My Documents\My Webs\tao_designs\diatribe\berndt02.htm <-- taodesigns /diatribe berndt02.htm
100.11.19 12:29 B C:\My Documents\My Webs\tao_designs\diatribe\berndt04.htm <-- taodesigns /diatribe berndt04.htm
100.11.19 12:29 B C:\My Documents\My Webs\tao_designs\diatribe\buddha.jpg <-- taodesigns /diatribe buddha.jpg
100.11.19 12:29 B C:\My Documents\My Webs\tao_designs\diatribe\bully.html <-- taodesigns /diatribe bully.html
100.11.19 12:29 B C:\My Documents\My Webs\tao_designs\diatribe\cloisters.html <-- taodesigns /diatribe cloisters.html
100.11.19 12:29 B C:\My Documents\My Webs\tao_designs\diatribe\cooperatives.html <-- taodesigns /diatribe cooperatives.html
100.11.19 12:29 B C:\My Documents\My Webs\tao_designs\diatribe\cycle.html <-- taodesigns /diatribe cycle.html
100.11.19 12:29 B C:\My Documents\My Webs\tao_designs\diatribe\dalailama.jpg <-- taodesigns /diatribe dalailama.jpg
100.11.19 12:29 B C:\My Documents\My Webs\tao_designs\diatribe\deb1.gif <-- taodesigns /diatribe deb1.gif
100.11.19 12:29 B C:\My Documents\My Webs\tao_designs\diatribe\deb2.gif <-- taodesigns /diatribe deb2.gif
100.11.19 12:29 B C:\My Documents\My Webs\tao_designs\diatribe\deb3.gif <-- taodesigns /diatribe deb3.gif
100.11.19 12:29 B C:\My Documents\My Webs\tao_designs\diatribe\dickens.JPG <-- taodesigns /diatribe dickens.JPG
100.11.19 12:29 B C:\My Documents\My Webs\tao_designs\diatribe\division.html <-- taodesigns /diatribe division.html
100.11.19 12:29 B C:\My Documents\My Webs\tao_designs\diatribe\drawyergun.jpg <-- taodesigns /diatribe drawyergun.jpg
100.11.19 12:29 B C:\My Documents\My Webs\tao_designs\diatribe\earth.JPG <-- taodesigns /diatribe earth.JPG
100.11.19 12:29 B C:\My Documents\My Webs\tao_designs\diatribe\errolflynn.jpg <-- taodesigns /diatribe errolflynn.jpg
100.11.19 12:29 B C:\My Documents\My Webs\tao_designs\diatribe\flag.gif <-- taodesigns /diatribe flag.gif
100.11.19 12:29 B C:\My Documents\My Webs\tao_designs\diatribe\friedmanntxt.html <-- taodesigns /diatribe friedmanntxt.html
100.11.19 12:29 B C:\My Documents\My Webs\tao_designs\diatribe\gist.html <-- taodesigns /diatribe gist.html
100.11.19 12:29 B C:\My Documents\My Webs\tao_designs\diatribe\globe.gif <-- taodesigns /diatribe globe.gif
100.11.19 12:29 B C:\My Documents\My Webs\tao_designs\diatribe\mad12.html <-- taodesigns /diatribe mad12.html
100.11.19 12:29 B C:\My Documents\My Webs\tao_designs\diatribe\deb3.gif <-- taodesigns /diatribe deb3.gif
100.11.19 12:29 B C:\My Documents\My Webs\tao_designs\diatribe\cooperatives.html <-- taodesigns /diatribe cooperatives.html
100.11.19 12:29 B C:\My Documents\My Webs\tao_designs\diatribe\magic.html <-- taodesigns /diatribe magic.html
100.11.19 12:29 B C:\My Documents\My Webs\tao_designs\diatribe\scarcity.html <-- taodesigns /diatribe scarcity.html
100.11.19 12:29 B C:\My Documents\My Webs\tao_designs\diatribe\cycle.html <-- taodesigns /diatribe cycle.html
100.11.19 12:29 B C:\My Documents\My Webs\tao_designs\diatribe\marback.gif <-- taodesigns /diatribe marback.gif
100.11.19 12:29 B C:\My Documents\My Webs\tao_designs\diatribe\surveymost.html <-- taodesigns /diatribe surveymost.html
100.11.19 12:29 B C:\My Documents\My Webs\tao_designs\diatribe\napolean.JPG <-- taodesigns /diatribe napolean.JPG
100.11.19 12:29 B C:\My Documents\My Webs\tao_designs\diatribe\schrodinger49.gif <-- taodesigns /diatribe schrodinger49.gif
100.11.19 12:29 B C:\My Documents\My Webs\tao_designs\diatribe\drawyergun.jpg <-- taodesigns /diatribe drawyergun.jpg
100.11.19 12:29 B C:\My Documents\My Webs\tao_designs\diatribe\whitehead.gif <-- taodesigns /diatribe whitehead.gif
100.11.19 12:29 B C:\My Documents\My Webs\tao_designs\diatribe\kropotkin2a.gif <-- taodesigns /diatribe kropotkin2a.gif
100.11.19 12:29 B C:\My Documents\My Webs\tao_designs\diatribe\dalailama.jpg <-- taodesigns /diatribe dalailama.jpg
100.11.19 12:29 B C:\My Documents\My Webs\tao_designs\diatribe\self.html <-- taodesigns /diatribe self.html
100.11.19 12:29 B C:\My Documents\My Webs\tao_designs\diatribe\powercont.html <-- taodesigns /diatribe powercont.html
100.11.19 12:30 B C:\My Documents\My Webs\tao_designs\diatribe\schrodinger1.gif <-- taodesigns /diatribe schrodinger1.gif
100.11.19 12:30 B C:\My Documents\My Webs\tao_designs\diatribe\schumpeter.jpg <-- taodesigns /diatribe schumpeter.jpg
100.11.19 12:30 B C:\My Documents\My Webs\tao_designs\diatribe\taocont.html <-- taodesigns /diatribe taocont.html
100.11.19 12:30 B C:\My Documents\My Webs\tao_designs\diatribe\war.html <-- taodesigns /diatribe war.html
100.11.19 12:30 B C:\My Documents\My Webs\tao_designs\diatribe\nature.html <-- taodesigns /diatribe nature.html
100.11.19 12:30 B C:\My Documents\My Webs\tao_designs\diatribe\person.html <-- taodesigns /diatribe person.html
100.11.19 12:30 B C:\My Documents\My Webs\tao_designs\diatribe\wellshg.jpg <-- taodesigns /diatribe wellshg.jpg
100.11.19 12:30 B C:\My Documents\My Webs\tao_designs\diatribe\physics252.html <-- taodesigns /diatribe physics252.html
100.11.19 12:30 B C:\My Documents\My Webs\tao_designs\diatribe\yinyang.JPG <-- taodesigns /diatribe yinyang.JPG
100.11.19 12:30 B C:\My Documents\My Webs\tao_designs\diatribe\gist.html <-- taodesigns /diatribe gist.html
100.11.19 12:30 B C:\My Documents\My Webs\tao_designs\diatribe\malthus.gif <-- taodesigns /diatribe malthus.gif
100.11.19 12:30 B C:\My Documents\My Webs\tao_designs\diatribe\newcycles.html <-- taodesigns /diatribe newcycles.html
100.11.19 12:30 B C:\My Documents\My Webs\tao_designs\diatribe\undrconst.gif <-- taodesigns /diatribe undrconst.gif
100.11.19 12:30 B C:\My Documents\My Webs\tao_designs\diatribe\bully.html <-- taodesigns /diatribe bully.html
100.11.19 12:30 B C:\My Documents\My Webs\tao_designs\diatribe\threefaces.html <-- taodesigns /diatribe threefaces.html
100.11.19 12:30 B C:\My Documents\My Webs\tao_designs\diatribe\taonav.html <-- taodesigns /diatribe taonav.html
100.11.19 12:30 B C:\My Documents\My Webs\tao_designs\diatribe\pricing.html <-- taodesigns /diatribe pricing.html
100.11.19 12:30 B C:\My Documents\My Webs\tao_designs\diatribe\magic.html <-- taodesigns /diatribe magic.html
100.11.19 12:30 B C:\My Documents\My Webs\tao_designs\diatribe\cooperatives.html <-- taodesigns /diatribe cooperatives.html
100.11.19 12:30 B C:\My Documents\My Webs\tao_designs\diatribe\deb3.gif <-- taodesigns /diatribe deb3.gif
100.11.19 12:30 B C:\My Documents\My Webs\tao_designs\diatribe\mad12.html <-- taodesigns /diatribe mad12.html
100.11.19 12:30 B C:\My Documents\My Webs\tao_designs\diatribe\ipoloop.gif <-- taodesigns /diatribe ipoloop.gif
100.11.19 12:30 B C:\My Documents\My Webs\tao_designs\diatribe\ihabit.html <-- taodesigns /diatribe ihabit.html
100.11.19 12:30 B C:\My Documents\My Webs\tao_designs\diatribe\schrodinger.html <-- taodesigns /diatribe schrodinger.html
100.11.19 12:30 B C:\My Documents\My Webs\tao_designs\diatribe\schumpeter.html <-- taodesigns /diatribe schumpeter.html
100.11.19 12:30 B C:\My Documents\My Webs\tao_designs\diatribe\officialdoms.html <-- taodesigns /diatribe officialdoms.html
100.11.19 12:30 B C:\My Documents\My Webs\tao_designs\diatribe\mailbox.gif <-- taodesigns /diatribe mailbox.gif
100.11.19 12:30 B C:\My Documents\My Webs\tao_designs\diatribe\powernav.html <-- taodesigns /diatribe powernav.html
100.11.19 12:30 B C:\My Documents\My Webs\tao_designs\diatribe\index.html <-- taodesigns /diatribe index.html
100.11.19 12:30 B C:\My Documents\My Webs\tao_designs\diatribe\taodesigns.html <-- taodesigns /diatribe taodesigns.html
100.11.19 12:30 B C:\My Documents\My Webs\tao_designs\diatribe\power.html <-- taodesigns /diatribe power.html
100.11.19 12:30 B C:\My Documents\My Webs\tao_designs\diatribe\newsplsh.gif <-- taodesigns /diatribe newsplsh.gif
100.11.19 12:30 B C:\My Documents\My Webs\tao_designs\diatribe\index-2.html <-- taodesigns /diatribe index-2.html
100.11.19 12:30 B C:\My Documents\My Webs\tao_designs\diatribe\deb2.gif <-- taodesigns /diatribe deb2.gif
100.11.19 12:30 B C:\My Documents\My Webs\tao_designs\diatribe\deb1.gif <-- taodesigns /diatribe deb1.gif
100.11.19 12:30 B C:\My Documents\My Webs\tao_designs\diatribe\whiteheadtxt.html <-- taodesigns /diatribe whiteheadtxt.html
100.11.19 12:30 B C:\My Documents\My Webs\tao_designs\diatribe\pluto.html <-- taodesigns /diatribe pluto.html
100.11.19 12:30 B C:\My Documents\My Webs\tao_designs\diatribe\friedmanntxt.html <-- taodesigns /diatribe friedmanntxt.html
100.11.19 12:30 B C:\My Documents\My Webs\tao_designs\diatribe\work.html <-- taodesigns /diatribe work.html
100.11.19 12:30 B C:\My Documents\My Webs\tao_designs\diatribe\taotitle.html <-- taodesigns /diatribe taotitle.html
100.11.19 12:30 B C:\My Documents\My Webs\tao_designs\diatribe\cloisters.html <-- taodesigns /diatribe cloisters.html
100.11.19 12:37 B C:\My Documents\My Webs\tao_designs\diatribe\dickens.JPG <-- taodesigns /diatribe dickens.JPG
100.11.19 12:37 B C:\My Documents\My Webs\tao_designs\diatribe\taodesigns83.html <-- taodesigns /diatribe taodesigns83.html
100.11.19 12:37 B C:\My Documents\My Webs\tao_designs\diatribe\schrodinger1.mpg <-- taodesigns /diatribe schrodinger1.mpg
100.11.19 12:37 B C:\My Documents\My Webs\tao_designs\diatribe\globe.gif <-- taodesigns /diatribe globe.gif
100.11.19 12:37 B C:\My Documents\My Webs\tao_designs\diatribe\earth.JPG <-- taodesigns /diatribe earth.JPG
100.11.19 12:37 B C:\My Documents\My Webs\tao_designs\diatribe\rbtowen.gif <-- taodesigns /diatribe rbtowen.gif
100.11.19 12:37 B C:\My Documents\My Webs\tao_designs\diatribe\berndt02.htm <-- taodesigns /diatribe berndt02.htm
100.11.19 12:37 B C:\My Documents\My Webs\tao_designs\diatribe\schrodinger4.mpg <-- taodesigns /diatribe schrodinger4.mpg
100.11.19 12:37 B C:\My Documents\My Webs\tao_designs\diatribe\homelesskids.gif <-- taodesigns /diatribe homelesskids.gif
100.11.19 12:37 B C:\My Documents\My Webs\tao_designs\diatribe\input.html <-- taodesigns /diatribe input.html
100.11.19 12:37 B C:\My Documents\My Webs\tao_designs\diatribe\berndt04.htm <-- taodesigns /diatribe berndt04.htm
100.11.19 12:37 B C:\My Documents\My Webs\tao_designs\diatribe\money.html <-- taodesigns /diatribe money.html
100.11.19 12:37 B C:\My Documents\My Webs\tao_designs\diatribe\moneyoop.JPG <-- taodesigns /diatribe moneyoop.JPG
100.11.19 12:37 B C:\My Documents\My Webs\tao_designs\diatribe\buddha.jpg <-- taodesigns /diatribe buddha.jpg
100.11.19 12:37 B C:\My Documents\My Webs\tao_designs\diatribe\Tiffany_Rebecca_Tull.GIF <-- taodesigns /diatribe Tiffany_Rebecca_Tull.GIF
100.11.19 12:37 B C:\My Documents\My Webs\tao_designs\diatribe\oldlady.JPG <-- taodesigns /diatribe oldlady.JPG
100.11.19 12:37 B C:\My Documents\My Webs\tao_designs\diatribe\errolflynn.jpg <-- taodesigns /diatribe errolflynn.jpg
100.11.19 12:37 B C:\My Documents\My Webs\tao_designs\diatribe\flag.gif <-- taodesigns /diatribe flag.gif
100.11.19 12:37 B C:\My Documents\My Webs\tao_designs\diatribe\jonesboro.jpg <-- taodesigns /diatribe jonesboro.jpg
100.11.19 12:37 B C:\My Documents\My Webs\tao_designs\diatribe\kropotkin.html <-- taodesigns /diatribe kropotkin.html
100.11.19 12:37 B C:\My Documents\My Webs\tao_designs\diatribe\sex.html <-- taodesigns /diatribe sex.html
100.11.19 12:38 B C:\My Documents\My Webs\tao_designs\diatribe\division.html <-- taodesigns /diatribe division.html
100.11.19 12:38 B C:\My Documents\My Webs\tao_designs\diatribe\keynes.gif <-- taodesigns /diatribe keynes.gif
100.11.19 12:38 B C:\My Documents\My Webs\tao_designs\diatribe\ngawang.html <-- taodesigns /diatribe ngawang.html
100.11.19 12:38 B C:\My Documents\My Webs\tao_designs\diatribe\scarcity.html <-- taodesigns /diatribe scarcity.html
100.11.19 12:38 B C:\My Documents\My Webs\tao_designs\diatribe\cycle.html <-- taodesigns /diatribe cycle.html
100.11.19 12:38 B C:\My Documents\My Webs\tao_designs\diatribe\marback.gif <-- taodesigns /diatribe marback.gif
100.11.19 12:38 B C:\My Documents\My Webs\tao_designs\diatribe\surveymost.html <-- taodesigns /diatribe surveymost.html
100.11.19 12:38 B C:\My Documents\My Webs\tao_designs\diatribe\napolean.JPG <-- taodesigns /diatribe napolean.JPG
100.11.19 12:38 B C:\My Documents\My Webs\tao_designs\diatribe\schrodinger49.gif <-- taodesigns /diatribe schrodinger49.gif
100.11.19 12:38 B C:\My Documents\My Webs\tao_designs\diatribe\drawyergun.jpg <-- taodesigns /diatribe drawyergun.jpg
100.11.19 12:38 B C:\My Documents\My Webs\tao_designs\diatribe\whitehead.gif <-- taodesigns /diatribe whitehead.gif
100.11.19 12:38 B C:\My Documents\My Webs\tao_designs\diatribe\kropotkin2a.gif <-- taodesigns /diatribe kropotkin2a.gif
100.11.19 12:38 B C:\My Documents\My Webs\tao_designs\diatribe\dalailama.jpg <-- taodesigns /diatribe dalailama.jpg
100.11.19 12:38 B C:\My Documents\My Webs\tao_designs\diatribe\self.html <-- taodesigns /diatribe self.html
100.11.19 12:38 B C:\My Documents\My Webs\tao_designs\diatribe\powercont.html <-- taodesigns /diatribe powercont.html
100.11.19 12:38 B C:\My Documents\My Webs\tao_designs\diatribe\schrodinger1.gif <-- taodesigns /diatribe schrodinger1.gif
100.11.19 12:38 B C:\My Documents\My Webs\tao_designs\diatribe\schumpeter.jpg <-- taodesigns /diatribe schumpeter.jpg
100.11.19 12:38 B C:\My Documents\My Webs\tao_designs\diatribe\taocont.html <-- taodesigns /diatribe taocont.html
100.11.19 12:38 B C:\My Documents\My Webs\tao_designs\diatribe\war.html <-- taodesigns /diatribe war.html
100.11.19 12:38 B C:\My Documents\My Webs\tao_designs\diatribe\nature.html <-- taodesigns /diatribe nature.html
100.11.19 12:38 B C:\My Documents\My Webs\tao_designs\diatribe\person.html <-- taodesigns /diatribe person.html
100.11.19 12:38 B C:\My Documents\My Webs\tao_designs\diatribe\wellshg.jpg <-- taodesigns /diatribe wellshg.jpg
100.11.19 12:38 B C:\My Documents\My Webs\tao_designs\diatribe\physics252.html <-- taodesigns /diatribe physics252.html
100.11.19 12:38 B C:\My Documents\My Webs\tao_designs\diatribe\yinyang.JPG <-- taodesigns /diatribe yinyang.JPG
100.11.19 12:38 B C:\My Documents\My Webs\tao_designs\diatribe\gist.html <-- taodesigns /diatribe gist.html
100.11.19 12:38 B C:\My Documents\My Webs\tao_designs\diatribe\malthus.gif <-- taodesigns /diatribe malthus.gif
100.11.19 12:38 B C:\My Documents\My Webs\tao_designs\diatribe\newcycles.html <-- taodesigns /diatribe newcycles.html
100.11.19 12:38 B C:\My Documents\My Webs\tao_designs\diatribe\undrconst.gif <-- taodesigns /diatribe undrconst.gif
100.11.19 12:38 B C:\My Documents\My Webs\tao_designs\diatribe\bully.html <-- taodesigns /diatribe bully.html
100.11.19 12:38 B C:\My Documents\My Webs\tao_designs\diatribe\threefaces.html <-- taodesigns /diatribe threefaces.html
100.11.19 12:38 B C:\My Documents\My Webs\tao_designs\diatribe\taonav.html <-- taodesigns /diatribe taonav.html
100.11.19 12:38 B C:\My Documents\My Webs\tao_designs\diatribe\pricing.html <-- taodesigns /diatribe pricing.html
100.11.19 12:38 B C:\My Documents\My Webs\tao_designs\diatribe\magic.html <-- taodesigns /diatribe magic.html
100.11.19 12:38 B C:\My Documents\My Webs\tao_designs\diatribe\cooperatives.html <-- taodesigns /diatribe cooperatives.html
100.11.19 12:38 B C:\My Documents\My Webs\tao_designs\diatribe\deb3.gif <-- taodesigns /diatribe deb3.gif
100.11.19 12:38 B C:\My Documents\My Webs\tao_designs\diatribe\mad12.html <-- taodesigns /diatribe mad12.html
100.11.19 12:38 B C:\My Documents\My Webs\tao_designs\diatribe\ipoloop.gif <-- taodesigns /diatribe ipoloop.gif
100.11.19 12:38 B C:\My Documents\My Webs\tao_designs\diatribe\ihabit.html <-- taodesigns /diatribe ihabit.html
100.11.19 12:38 B C:\My Documents\My Webs\tao_designs\diatribe\schrodinger.html <-- taodesigns /diatribe schrodinger.html
100.11.19 12:38 B C:\My Documents\My Webs\tao_designs\diatribe\schumpeter.html <-- taodesigns /diatribe schumpeter.html
100.11.19 12:38 B C:\My Documents\My Webs\tao_designs\diatribe\officialdoms.html <-- taodesigns /diatribe officialdoms.html
100.11.19 12:38 B C:\My Documents\My Webs\tao_designs\diatribe\mailbox.gif <-- taodesigns /diatribe mailbox.gif
100.11.19 12:38 B C:\My Documents\My Webs\tao_designs\diatribe\powernav.html <-- taodesigns /diatribe powernav.html
100.11.19 12:38 B C:\My Documents\My Webs\tao_designs\diatribe\index.html <-- taodesigns /diatribe index.html
100.11.19 12:38 B C:\My Documents\My Webs\tao_designs\diatribe\taodesigns.html <-- taodesigns /diatribe taodesigns.html
100.11.19 12:38 B C:\My Documents\My Webs\tao_designs\diatribe\power.html <-- taodesigns /diatribe power.html
100.11.19 12:38 B C:\My Documents\My Webs\tao_designs\diatribe\newsplsh.gif <-- taodesigns /diatribe newsplsh.gif
100.11.19 12:38 B C:\My Documents\My Webs\tao_designs\diatribe\index-2.html <-- taodesigns /diatribe index-2.html
100.11.19 12:38 B C:\My Documents\My Webs\tao_designs\diatribe\deb2.gif <-- taodesigns /diatribe deb2.gif
100.11.19 12:38 B C:\My Documents\My Webs\tao_designs\diatribe\deb1.gif <-- taodesigns /diatribe deb1.gif
100.11.19 12:38 B C:\My Documents\My Webs\tao_designs\diatribe\whiteheadtxt.html <-- taodesigns /diatribe whiteheadtxt.html
100.11.19 12:38 B C:\My Documents\My Webs\tao_designs\diatribe\pluto.html <-- taodesigns /diatribe pluto.html
100.11.19 12:38 B C:\My Documents\My Webs\tao_designs\diatribe\friedmanntxt.html <-- taodesigns /diatribe friedmanntxt.html
100.11.19 12:38 B C:\My Documents\My Webs\tao_designs\diatribe\work.html <-- taodesigns /diatribe work.html
100.11.19 12:38 B C:\My Documents\My Webs\tao_designs\diatribe\taotitle.html <-- taodesigns /diatribe taotitle.html
100.11.19 12:38 B C:\My Documents\My Webs\tao_designs\diatribe\cloisters.html <-- taodesigns /diatribe cloisters.html
100.11.19 12:47 B C:\My Documents\My Webs\tao_designs\diatribe\berndt02.htm --> ftp.tripod.com /diatribe berndt02.htm
100.11.19 12:47 B C:\My Documents\My Webs\tao_designs\diatribe\berndt04.htm --> ftp.tripod.com /diatribe berndt04.htm
100.11.19 12:47 B C:\My Documents\My Webs\tao_designs\diatribe\buddha.jpg --> ftp.tripod.com /diatribe buddha.jpg
100.11.19 12:47 B C:\My Documents\My Webs\tao_designs\diatribe\bully.html --> ftp.tripod.com /diatribe bully.html
100.11.19 12:47 B C:\My Documents\My Webs\tao_designs\diatribe\cloisters.html --> ftp.tripod.com /diatribe cloisters.html
100.11.19 12:47 B C:\My Documents\My Webs\tao_designs\diatribe\cooperatives.html --> ftp.tripod.com /diatribe cooperatives.html
100.11.19 12:48 B C:\My Documents\My Webs\tao_designs\diatribe\cycle.html --> ftp.tripod.com /diatribe cycle.html
100.11.19 12:48 B C:\My Documents\My Webs\tao_designs\diatribe\dalailama.jpg --> ftp.tripod.com /diatribe dalailama.jpg
100.11.19 12:48 B C:\My Documents\My Webs\tao_designs\diatribe\deb1.gif --> ftp.tripod.com /diatribe deb1.gif
100.11.19 12:48 B C:\My Documents\My Webs\tao_designs\diatribe\deb2.gif --> ftp.tripod.com /diatribe deb2.gif
100.11.19 12:48 B C:\My Documents\My Webs\tao_designs\diatribe\deb3.gif --> ftp.tripod.com /diatribe deb3.gif
100.11.19 12:48 B C:\My Documents\My Webs\tao_designs\diatribe\dickens.JPG --> ftp.tripod.com /diatribe dickens.JPG
100.11.19 12:48 B C:\My Documents\My Webs\tao_designs\diatribe\division.html --> ftp.tripod.com /diatribe division.html
100.11.19 12:48 B C:\My Documents\My Webs\tao_designs\diatribe\drawyergun.jpg --> ftp.tripod.com /diatribe drawyergun.jpg
100.11.19 12:48 B C:\My Documents\My Webs\tao_designs\diatribe\earth.JPG --> ftp.tripod.com /diatribe earth.JPG
100.11.19 12:48 B C:\My Documents\My Webs\tao_designs\diatribe\errolflynn.jpg --> ftp.tripod.com /diatribe errolflynn.jpg
100.11.19 12:48 B C:\My Documents\My Webs\tao_designs\diatribe\flag.gif --> ftp.tripod.com /diatribe flag.gif
100.11.19 12:48 B C:\My Documents\My Webs\tao_designs\diatribe\friedmanntxt.html --> ftp.tripod.com /diatribe friedmanntxt.html
100.11.19 12:48 B C:\My Documents\My Webs\tao_designs\diatribe\gist.html --> ftp.tripod.com /diatribe gist.html
100.11.19 12:48 B C:\My Documents\My Webs\tao_designs\diatribe\globe.gif --> ftp.tripod.com /diatribe globe.gif
100.11.19 12:48 B C:\My Documents\My Webs\tao_designs\diatribe\homelesskids.gif --> ftp.tripod.com /diatribe homelesskids.gif
100.11.19 12:48 B C:\My Documents\My Webs\tao_designs\diatribe\ihabit.html --> ftp.tripod.com /diatribe ihabit.html
100.11.19 12:48 B C:\My Documents\My Webs\tao_designs\diatribe\index-2.html --> ftp.tripod.com /diatribe index-2.html
100.11.19 12:48 B C:\My Documents\My Webs\tao_designs\diatribe\index.html --> ftp.tripod.com /diatribe index.html
100.11.19 12:49 B C:\My Documents\My Webs\tao_designs\diatribe\input.html --> ftp.tripod.com /diatribe input.html
100.11.19 12:49 B C:\My Documents\My Webs\tao_designs\diatribe\ipoloop.gif --> ftp.tripod.com /diatribe ipoloop.gif
100.11.19 12:49 B C:\My Documents\My Webs\tao_designs\diatribe\jonesboro.jpg --> ftp.tripod.com /diatribe jonesboro.jpg
100.11.19 12:49 B C:\My Documents\My Webs\tao_designs\diatribe\keynes.gif --> ftp.tripod.com /diatribe keynes.gif
100.11.19 12:49 B C:\My Documents\My Webs\tao_designs\diatribe\kropotkin.html --> ftp.tripod.com /diatribe kropotkin.html
100.11.19 12:49 B C:\My Documents\My Webs\tao_designs\diatribe\kropotkin2a.gif --> ftp.tripod.com /diatribe kropotkin2a.gif
100.11.19 12:49 B C:\My Documents\My Webs\tao_designs\diatribe\mad12.html --> ftp.tripod.com /diatribe mad12.html
100.11.19 12:49 B C:\My Documents\My Webs\tao_designs\diatribe\magic.html --> ftp.tripod.com /diatribe magic.html
100.11.19 12:49 B C:\My Documents\My Webs\tao_designs\diatribe\mailbox.gif --> ftp.tripod.com /diatribe mailbox.gif
100.11.19 12:49 B C:\My Documents\My Webs\tao_designs\diatribe\malthus.gif --> ftp.tripod.com /diatribe malthus.gif
100.11.19 12:49 B C:\My Documents\My Webs\tao_designs\diatribe\marback.gif --> ftp.tripod.com /diatribe marback.gif
100.11.19 12:49 B C:\My Documents\My Webs\tao_designs\diatribe\money.html --> ftp.tripod.com /diatribe money.html
100.11.19 12:49 B C:\My Documents\My Webs\tao_designs\diatribe\moneyoop.JPG --> ftp.tripod.com /diatribe moneyoop.JPG
100.11.19 12:49 B C:\My Documents\My Webs\tao_designs\diatribe\napolean.JPG --> ftp.tripod.com /diatribe napolean.JPG
100.11.19 12:49 B C:\My Documents\My Webs\tao_designs\diatribe\nature.html --> ftp.tripod.com /diatribe nature.html
100.11.19 12:49 B C:\My Documents\My Webs\tao_designs\diatribe\newcycles.html --> ftp.tripod.com /diatribe newcycles.html
100.11.19 12:49 B C:\My Documents\My Webs\tao_designs\diatribe\newsplsh.gif --> ftp.tripod.com /diatribe newsplsh.gif
100.11.19 12:49 B C:\My Documents\My Webs\tao_designs\diatribe\ngawang.html --> ftp.tripod.com /diatribe ngawang.html
100.11.19 12:49 B C:\My Documents\My Webs\tao_designs\diatribe\officialdoms.html --> ftp.tripod.com /diatribe officialdoms.html
100.11.19 12:49 B C:\My Documents\My Webs\tao_designs\diatribe\oldlady.JPG --> ftp.tripod.com /diatribe oldlady.JPG
100.11.19 12:49 B C:\My Documents\My Webs\tao_designs\diatribe\person.html --> ftp.tripod.com /diatribe person.html
100.11.19 12:49 B C:\My Documents\My Webs\tao_designs\diatribe\physics252.html --> ftp.tripod.com /diatribe physics252.html
100.11.19 12:49 B C:\My Documents\My Webs\tao_designs\diatribe\pluto.html --> ftp.tripod.com /diatribe pluto.html
100.11.19 12:49 B C:\My Documents\My Webs\tao_designs\diatribe\power.html --> ftp.tripod.com /diatribe power.html
100.11.19 12:49 B C:\My Documents\My Webs\tao_designs\diatribe\powercont.html --> ftp.tripod.com /diatribe powercont.html
100.11.19 12:49 B C:\My Documents\My Webs\tao_designs\diatribe\powernav.html --> ftp.tripod.com /diatribe powernav.html
100.11.19 12:49 B C:\My Documents\My Webs\tao_designs\diatribe\pricing.html --> ftp.tripod.com /diatribe pricing.html
100.11.19 12:49 B C:\My Documents\My Webs\tao_designs\diatribe\rbtowen.gif --> ftp.tripod.com /diatribe rbtowen.gif
100.11.19 12:49 B C:\My Documents\My Webs\tao_designs\diatribe\scarcity.html --> ftp.tripod.com /diatribe scarcity.html
100.11.19 12:49 B C:\My Documents\My Webs\tao_designs\diatribe\schrodinger.html --> ftp.tripod.com /diatribe schrodinger.html
100.11.19 12:49 B C:\My Documents\My Webs\tao_designs\diatribe\schrodinger1.gif --> ftp.tripod.com /diatribe schrodinger1.gif
100.11.19 12:50 B C:\My Documents\My Webs\tao_designs\diatribe\schrodinger1.mpg --> ftp.tripod.com /diatribe schrodinger1.mpg
100.11.19 12:50 B C:\My Documents\My Webs\tao_designs\diatribe\schrodinger4.mpg --> ftp.tripod.com /diatribe schrodinger4.mpg
100.11.19 12:50 B C:\My Documents\My Webs\tao_designs\diatribe\schrodinger49.gif --> ftp.tripod.com /diatribe schrodinger49.gif
100.11.19 12:50 B C:\My Documents\My Webs\tao_designs\diatribe\schumpeter.html --> ftp.tripod.com /diatribe schumpeter.html
100.11.19 12:50 B C:\My Documents\My Webs\tao_designs\diatribe\schumpeter.jpg --> ftp.tripod.com /diatribe schumpeter.jpg
100.11.19 12:50 B C:\My Documents\My Webs\tao_designs\diatribe\self.html --> ftp.tripod.com /diatribe self.html
100.11.19 12:50 B C:\My Documents\My Webs\tao_designs\diatribe\sex.html --> ftp.tripod.com /diatribe sex.html
100.11.19 12:50 B C:\My Documents\My Webs\tao_designs\diatribe\surveymost.html --> ftp.tripod.com /diatribe surveymost.html
100.11.19 12:50 B C:\My Documents\My Webs\tao_designs\diatribe\taocont.html --> ftp.tripod.com /diatribe taocont.html
100.11.19 12:50 B C:\My Documents\My Webs\tao_designs\diatribe\taodesigns.html --> ftp.tripod.com /diatribe taodesigns.html
100.11.19 12:50 B C:\My Documents\My Webs\tao_designs\diatribe\taodesigns83.html --> ftp.tripod.com /diatribe taodesigns83.html
100.11.19 12:50 B C:\My Documents\My Webs\tao_designs\diatribe\taonav.html --> ftp.tripod.com /diatribe taonav.html
100.11.19 12:50 B C:\My Documents\My Webs\tao_designs\diatribe\taotitle.html --> ftp.tripod.com /diatribe taotitle.html
100.11.19 12:50 B C:\My Documents\My Webs\tao_designs\diatribe\threefaces.html --> ftp.tripod.com /diatribe threefaces.html
100.11.19 12:50 B C:\My Documents\My Webs\tao_designs\diatribe\Tiffany_Rebecca_Tull.GIF --> ftp.tripod.com /diatribe Tiffany_Rebecca_Tull.GIF
100.11.19 12:50 B C:\My Documents\My Webs\tao_designs\diatribe\undrconst.gif --> ftp.tripod.com /diatribe undrconst.gif
100.11.19 12:50 B C:\My Documents\My Webs\tao_designs\diatribe\war.html --> ftp.tripod.com /diatribe war.html
100.11.19 12:50 B C:\My Documents\My Webs\tao_designs\diatribe\wellshg.jpg --> ftp.tripod.com /diatribe wellshg.jpg
100.11.19 12:50 B C:\My Documents\My Webs\tao_designs\diatribe\whitehead.gif --> ftp.tripod.com /diatribe whitehead.gif
100.11.19 12:50 B C:\My Documents\My Webs\tao_designs\diatribe\whiteheadtxt.html --> ftp.tripod.com /diatribe whiteheadtxt.html
100.11.19 12:50 B C:\My Documents\My Webs\tao_designs\diatribe\work.html --> ftp.tripod.com /diatribe work.html
100.11.19 12:50 B C:\My Documents\My Webs\tao_designs\diatribe\WS_FTP.LOG --> ftp.tripod.com /diatribe WS_FTP.LOG
100.11.19 12:50 B C:\My Documents\My Webs\tao_designs\diatribe\yinyang.JPG --> ftp.tripod.com /diatribe yinyang.JPG
100.11.19 13:06 B C:\My Documents\My Webs\tao_designs\diatribe\index.html --> ftp.tripod.com / index.html
101.10.10 07:03 B C:\My Documents\My Webs\tao_designs\diatribe\taodesigns83.html --> ftp.tripod.com /diatribe taodesigns83.html
101.10.10 07:09 B C:\My Documents\My Webs\tao_designs\diatribe\taodesigns83.html --> ftp.tripod.com /diatribe taodesigns83.html
