100.05.27 09:17 B C:\My Documents\My Webs\TaoDesigns\peasants\peasants.htm <-- taodesigns /peasants peasants.htm
100.05.27 09:17 B C:\My Documents\My Webs\TaoDesigns\peasants\peasants1.html <-- taodesigns /peasants peasants1.html
100.05.27 09:17 B C:\My Documents\My Webs\TaoDesigns\peasants\peasants1b.html <-- taodesigns /peasants peasants1b.html
100.05.27 09:17 B C:\My Documents\My Webs\TaoDesigns\peasants\peasants2.html <-- taodesigns /peasants peasants2.html
100.05.27 09:17 B C:\My Documents\My Webs\TaoDesigns\peasants\peasants3.html <-- taodesigns /peasants peasants3.html
100.05.27 09:18 B C:\My Documents\My Webs\TaoDesigns\peasants\peasants4.html <-- taodesigns /peasants peasants4.html
100.05.27 09:18 B C:\My Documents\My Webs\TaoDesigns\peasants\peasf01.JPG <-- taodesigns /peasants peasf01.JPG
100.05.27 09:18 B C:\My Documents\My Webs\TaoDesigns\peasants\peasf02.JPG <-- taodesigns /peasants peasf02.JPG
100.05.27 09:18 B C:\My Documents\My Webs\TaoDesigns\peasants\peasf03.JPG <-- taodesigns /peasants peasf03.JPG
100.05.27 09:18 B C:\My Documents\My Webs\TaoDesigns\peasants\peasf04.JPG <-- taodesigns /peasants peasf04.JPG
100.05.27 09:18 B C:\My Documents\My Webs\TaoDesigns\peasants\peasf05.JPG <-- taodesigns /peasants peasf05.JPG
100.05.27 09:18 B C:\My Documents\My Webs\TaoDesigns\peasants\peasf06.JPG <-- taodesigns /peasants peasf06.JPG
100.05.27 09:18 B C:\My Documents\My Webs\TaoDesigns\peasants\peasf07.JPG <-- taodesigns /peasants peasf07.JPG
100.05.27 09:18 B C:\My Documents\My Webs\TaoDesigns\peasants\peasf08.JPG <-- taodesigns /peasants peasf08.JPG
100.05.27 09:18 B C:\My Documents\My Webs\TaoDesigns\peasants\peasf09.JPG <-- taodesigns /peasants peasf09.JPG
100.11.19 12:34 B C:\My Documents\My Webs\tao_designs\peasants\peasf05.JPG <-- taodesigns /peasants peasf05.JPG
100.11.19 12:34 B C:\My Documents\My Webs\tao_designs\peasants\peasf07.JPG <-- taodesigns /peasants peasf07.JPG
100.11.19 12:34 B C:\My Documents\My Webs\tao_designs\peasants\peasf03.JPG <-- taodesigns /peasants peasf03.JPG
100.11.19 12:34 B C:\My Documents\My Webs\tao_designs\peasants\peasf02.JPG <-- taodesigns /peasants peasf02.JPG
100.11.19 12:34 B C:\My Documents\My Webs\tao_designs\peasants\peasf06.JPG <-- taodesigns /peasants peasf06.JPG
100.11.19 12:34 B C:\My Documents\My Webs\tao_designs\peasants\peasants4.html <-- taodesigns /peasants peasants4.html
100.11.19 12:34 B C:\My Documents\My Webs\tao_designs\peasants\peasf08.JPG <-- taodesigns /peasants peasf08.JPG
100.11.19 12:34 B C:\My Documents\My Webs\tao_designs\peasants\peasf09.JPG <-- taodesigns /peasants peasf09.JPG
100.11.19 12:34 B C:\My Documents\My Webs\tao_designs\peasants\peasf01.JPG <-- taodesigns /peasants peasf01.JPG
100.11.19 12:34 B C:\My Documents\My Webs\tao_designs\peasants\peasants3.html <-- taodesigns /peasants peasants3.html
100.11.19 12:34 B C:\My Documents\My Webs\tao_designs\peasants\peasants.htm <-- taodesigns /peasants peasants.htm
100.11.19 12:34 B C:\My Documents\My Webs\tao_designs\peasants\peasants2.html <-- taodesigns /peasants peasants2.html
100.11.19 12:34 B C:\My Documents\My Webs\tao_designs\peasants\peasf04.JPG <-- taodesigns /peasants peasf04.JPG
100.11.19 12:34 B C:\My Documents\My Webs\tao_designs\peasants\peasants1b.html <-- taodesigns /peasants peasants1b.html
100.11.19 12:34 B C:\My Documents\My Webs\tao_designs\peasants\peasants1.html <-- taodesigns /peasants peasants1.html
100.11.19 12:57 B C:\My Documents\My Webs\tao_designs\peasants\peasants.htm --> ftp.tripod.com /peasants peasants.htm
100.11.19 12:57 B C:\My Documents\My Webs\tao_designs\peasants\peasants1.html --> ftp.tripod.com /peasants peasants1.html
100.11.19 12:57 B C:\My Documents\My Webs\tao_designs\peasants\peasants1b.html --> ftp.tripod.com /peasants peasants1b.html
100.11.19 12:57 B C:\My Documents\My Webs\tao_designs\peasants\peasants2.html --> ftp.tripod.com /peasants peasants2.html
100.11.19 12:57 B C:\My Documents\My Webs\tao_designs\peasants\peasants3.html --> ftp.tripod.com /peasants peasants3.html
100.11.19 12:57 B C:\My Documents\My Webs\tao_designs\peasants\peasants4.html --> ftp.tripod.com /peasants peasants4.html
100.11.19 12:57 B C:\My Documents\My Webs\tao_designs\peasants\peasf01.JPG --> ftp.tripod.com /peasants peasf01.JPG
100.11.19 12:57 B C:\My Documents\My Webs\tao_designs\peasants\peasf02.JPG --> ftp.tripod.com /peasants peasf02.JPG
100.11.19 12:57 B C:\My Documents\My Webs\tao_designs\peasants\peasf03.JPG --> ftp.tripod.com /peasants peasf03.JPG
100.11.19 12:57 B C:\My Documents\My Webs\tao_designs\peasants\peasf04.JPG --> ftp.tripod.com /peasants peasf04.JPG
100.11.19 12:57 B C:\My Documents\My Webs\tao_designs\peasants\peasf05.JPG --> ftp.tripod.com /peasants peasf05.JPG
100.11.19 12:57 B C:\My Documents\My Webs\tao_designs\peasants\peasf06.JPG --> ftp.tripod.com /peasants peasf06.JPG
100.11.19 12:57 B C:\My Documents\My Webs\tao_designs\peasants\peasf07.JPG --> ftp.tripod.com /peasants peasf07.JPG
100.11.19 12:58 B C:\My Documents\My Webs\tao_designs\peasants\peasf08.JPG --> ftp.tripod.com /peasants peasf08.JPG
100.11.19 12:58 B C:\My Documents\My Webs\tao_designs\peasants\peasf09.JPG --> ftp.tripod.com /peasants peasf09.JPG
100.11.19 12:58 B C:\My Documents\My Webs\tao_designs\peasants\WS_FTP.LOG --> ftp.tripod.com /peasants WS_FTP.LOG
