100.05.27 09:18 B C:\My Documents\My Webs\TaoDesigns\polyani\polyani44.html <-- taodesigns /polyani polyani44.html
100.05.27 09:18 B C:\My Documents\My Webs\TaoDesigns\polyani\polyani44iii.html <-- taodesigns /polyani polyani44iii.html
100.05.27 09:18 B C:\My Documents\My Webs\TaoDesigns\polyani\polyani44IV.html <-- taodesigns /polyani polyani44IV.html
100.05.27 09:18 B C:\My Documents\My Webs\TaoDesigns\polyani\polyani44IX.html <-- taodesigns /polyani polyani44IX.html
100.05.27 09:18 B C:\My Documents\My Webs\TaoDesigns\polyani\polyani44VI.html <-- taodesigns /polyani polyani44VI.html
100.05.27 09:18 B C:\My Documents\My Webs\TaoDesigns\polyani\polyani44VIII.html <-- taodesigns /polyani polyani44VIII.html
100.05.27 09:18 B C:\My Documents\My Webs\TaoDesigns\polyani\polyani44X.html <-- taodesigns /polyani polyani44X.html
100.05.27 09:18 B C:\My Documents\My Webs\TaoDesigns\polyani\polyani44XIV.html <-- taodesigns /polyani polyani44XIV.html
100.05.27 09:18 B C:\My Documents\My Webs\TaoDesigns\polyani\polyani44xv.html <-- taodesigns /polyani polyani44xv.html
100.05.27 09:18 B C:\My Documents\My Webs\TaoDesigns\polyani\polyani44xvi.html <-- taodesigns /polyani polyani44xvi.html
100.05.27 09:18 B C:\My Documents\My Webs\TaoDesigns\polyani\polyani44XXI.html <-- taodesigns /polyani polyani44XXI.html
100.11.19 12:58 B C:\My Documents\My Webs\tao_designs\polyani\polyani44.html --> ftp.tripod.com /polyani polyani44.html
100.11.19 12:58 B C:\My Documents\My Webs\tao_designs\polyani\polyani44iii.html --> ftp.tripod.com /polyani polyani44iii.html
100.11.19 12:58 B C:\My Documents\My Webs\tao_designs\polyani\polyani44IV.html --> ftp.tripod.com /polyani polyani44IV.html
100.11.19 12:58 B C:\My Documents\My Webs\tao_designs\polyani\polyani44IX.html --> ftp.tripod.com /polyani polyani44IX.html
100.11.19 12:58 B C:\My Documents\My Webs\tao_designs\polyani\polyani44VI.html --> ftp.tripod.com /polyani polyani44VI.html
100.11.19 12:58 B C:\My Documents\My Webs\tao_designs\polyani\polyani44VIII.html --> ftp.tripod.com /polyani polyani44VIII.html
100.11.19 12:58 B C:\My Documents\My Webs\tao_designs\polyani\polyani44X.html --> ftp.tripod.com /polyani polyani44X.html
100.11.19 12:58 B C:\My Documents\My Webs\tao_designs\polyani\polyani44XIV.html --> ftp.tripod.com /polyani polyani44XIV.html
100.11.19 12:58 B C:\My Documents\My Webs\tao_designs\polyani\polyani44xv.html --> ftp.tripod.com /polyani polyani44xv.html
100.11.19 12:58 B C:\My Documents\My Webs\tao_designs\polyani\polyani44xvi.html --> ftp.tripod.com /polyani polyani44xvi.html
100.11.19 12:58 B C:\My Documents\My Webs\tao_designs\polyani\polyani44XXI.html --> ftp.tripod.com /polyani polyani44XXI.html
100.11.19 12:58 B C:\My Documents\My Webs\tao_designs\polyani\WS_FTP.LOG --> ftp.tripod.com /polyani WS_FTP.LOG
